2026-01-16 17:17:32 - INFO - ========== TC-007: Display Home ==========
2026-01-16 17:17:42 - ERROR - ❌ TC-007 FAILED
2026-01-16 18:23:15 - INFO - ========== TC-007: Display Home ==========
2026-01-16 18:23:25 - ERROR - ❌ TC-007 FAILED
2026-01-16 18:23:36 - INFO - ========== TC-008: Dashboard Pharmacien ==========
2026-01-16 18:23:56 - INFO - ========== TC-009: Dashboard Statistics ==========
2026-01-16 18:36:26 - INFO - ========== TC-007: Display Home ==========
2026-01-16 18:36:26 - INFO - ✅ TC-007 PASSED
2026-01-16 18:36:36 - INFO - ========== TC-008: Dashboard Pharmacien ==========
2026-01-16 18:36:36 - INFO - ✅ TC-008 PASSED
2026-01-16 18:36:46 - INFO - ========== TC-009: Dashboard Statistics ==========
2026-01-16 18:41:51 - INFO - ========== TC-007: Display Home ==========
2026-01-16 18:41:51 - INFO - ✅ TC-007 PASSED
2026-01-16 18:42:02 - INFO - ========== TC-008: Dashboard Pharmacien ==========
2026-01-16 18:42:02 - INFO - ✅ TC-008 PASSED
2026-01-16 18:42:12 - INFO - ========== TC-009: Dashboard Statistics ==========
2026-01-16 18:42:12 - INFO - ✅ TC-009 PASSED: Statistiques visibles
2026-01-19 18:57:05 - INFO - ========== TC-007: Display Home ==========
2026-01-19 18:57:05 - INFO - ✅ TC-007 PASSED
2026-01-19 18:57:16 - INFO - ========== TC-008: Dashboard Pharmacien ==========
2026-01-19 18:57:16 - INFO - ✅ TC-008 PASSED
2026-01-19 18:57:28 - INFO - ========== TC-009: Dashboard Statistics ==========
2026-01-19 18:57:28 - INFO - ✅ TC-009 PASSED: Statistiques visibles
2026-01-19 18:58:01 - INFO - ========== TC-007: Display Home ==========
2026-01-19 18:58:01 - INFO - ✅ TC-007 PASSED
2026-01-19 18:58:12 - INFO - ========== TC-008: Dashboard Pharmacien ==========
2026-01-19 18:58:13 - INFO - ✅ TC-008 PASSED
2026-01-19 18:58:23 - INFO - ========== TC-009: Dashboard Statistics ==========
2026-01-19 18:58:23 - INFO - ✅ TC-009 PASSED: Statistiques visibles
2026-01-19 19:49:48 - INFO - ========== TC-007: Display Home ==========
2026-01-19 19:49:48 - INFO - ✅ TC-007 PASSED
2026-01-19 19:50:09 - INFO - ========== TC-008: Dashboard Pharmacien ==========
2026-01-19 19:50:09 - INFO - ✅ TC-008 PASSED
2026-01-19 19:50:31 - INFO - ========== TC-009: Dashboard Statistics ==========
2026-01-19 19:50:31 - INFO - ✅ TC-009 PASSED: Statistiques visibles
2026-01-19 19:58:19 - INFO - ========== TC-007: Display Home ==========
2026-01-19 19:58:19 - INFO - ✅ TC-007 PASSED
2026-01-19 19:58:39 - INFO - ========== TC-008: Dashboard Pharmacien ==========
2026-01-19 19:58:40 - INFO - ✅ TC-008 PASSED
2026-01-19 19:59:02 - INFO - ========== TC-009: Dashboard Statistics ==========
2026-01-19 19:59:02 - INFO - ✅ TC-009 PASSED: Statistiques visibles
2026-01-19 20:01:21 - INFO - ========== TC-007: Display Home ==========
2026-01-19 20:01:22 - INFO - ✅ TC-007 PASSED
2026-01-19 20:01:43 - INFO - ========== TC-008: Dashboard Pharmacien ==========
2026-01-19 20:01:43 - INFO - ✅ TC-008 PASSED
2026-01-19 20:02:04 - INFO - ========== TC-009: Dashboard Statistics ==========
2026-01-19 20:02:04 - INFO - ✅ TC-009 PASSED: Statistiques visibles
2026-01-19 20:20:27 - INFO - ========== TC-007: Display Home ==========
2026-01-19 20:20:27 - INFO - ✅ TC-007 PASSED
2026-01-19 20:20:50 - INFO - ========== TC-008: Dashboard Pharmacien ==========
2026-01-19 20:20:50 - INFO - ✅ TC-008 PASSED
2026-01-19 20:21:12 - INFO - ========== TC-009: Dashboard Statistics ==========
2026-01-19 20:21:12 - INFO - ✅ TC-009 PASSED: Statistiques visibles
2026-01-19 20:24:37 - INFO - ========== TC-007: Display Home ==========
2026-01-19 20:24:37 - INFO - ✅ TC-007 PASSED
2026-01-19 20:25:02 - INFO - ========== TC-008: Dashboard Pharmacien ==========
2026-01-19 20:25:02 - INFO - ✅ TC-008 PASSED
2026-01-19 20:25:25 - INFO - ========== TC-009: Dashboard Statistics ==========
2026-01-19 20:25:25 - INFO - ✅ TC-009 PASSED: Statistiques visibles
2026-01-20 16:12:04 - INFO - ========== TC-007: Display Home ==========
2026-01-20 16:12:04 - INFO - ✅ TC-007 PASSED
2026-01-20 16:12:27 - INFO - ========== TC-008: Dashboard Pharmacien ==========
2026-01-20 16:12:27 - INFO - ✅ TC-008 PASSED
2026-01-20 16:12:50 - INFO - ========== TC-009: Dashboard Statistics ==========
2026-01-20 16:12:50 - INFO - ✅ TC-009 PASSED: Statistiques visibles
2026-01-20 16:15:05 - INFO - ========== TC-007: Display Home ==========
2026-01-20 16:15:05 - INFO - ✅ TC-007 PASSED
2026-01-20 16:15:27 - INFO - ========== TC-008: Dashboard Pharmacien ==========
2026-01-20 16:15:27 - INFO - ✅ TC-008 PASSED
2026-01-20 16:15:50 - INFO - ========== TC-009: Dashboard Statistics ==========
2026-01-20 16:15:50 - INFO - ✅ TC-009 PASSED: Statistiques visibles
